1615439028332	geckodriver	INFO	Listening on 127.0.0.1:54814
1615439031408	mozrunner::runner	INFO	Running command: "C:\\Program Files\\Mozilla Firefox\\firefox.exe" "--marionette" "-foreground" "-no-remote" "-profile" "C:\\Users\\CCASTR~1\\AppData\\Local\\Temp\\rust_mozprofilea6BKOc"
console.warn: SearchSettings: "get: No settings file exists, new profile?" (new Error("", "(unknown module)"))
1615439036971	Marionette	INFO	Listening on port 54822
1615439037288	Marionette	WARN	TLS certificate errors will be ignored for this session
console.error: services.settings: 
  main/fxmonitor-breaches Signature failed  TypeError: NetworkError when attempting to fetch resource.
console.error: services.settings: 
  main/message-groups Signature failed  TypeError: NetworkError when attempting to fetch resource.
console.error: services.settings: 
  main/partitioning-exempt-urls Signature failed  TypeError: NetworkError when attempting to fetch resource.
console.error: services.settings: 
  main/cfr-fxa Signature failed  TypeError: NetworkError when attempting to fetch resource.
console.error: services.settings: 
  main/cfr Signature failed  TypeError: NetworkError when attempting to fetch resource.
console.error: services.settings: 
  main/whats-new-panel Signature failed  TypeError: NetworkError when attempting to fetch resource.
console.log: WebExtensions: reset-default-search: No addons in our list are installed.
JavaScript error: , line 0: NS_ERROR_NOT_AVAILABLE

###!!! [Child][RunMessage] Error: Channel closing: too late to send/recv, messages will be lost

1615440244431	Marionette	INFO	Stopped listening on port 54822

###!!! [Child][RunMessage] Error: Channel closing: too late to send/recv, messages will be lost

